This is e-upTeX, Version 3.141592653-p4.1.2-u2.00-250202-2.6 (utf8.euc) (TeX Live 2025) (preloaded format=platex 2025.4.15)  7 MAY 2025 00:14
entering extended mode
 restricted \write18 enabled.
 %&-line parsing enabled.
**paper.tex
(./paper.tex
pLaTeX2e <2023-02-14>+1, based on
LaTeX2e <2024-11-01> patch level 2
L3 programming layer <2025-01-18>
(./ipsj.cls
Document Class: ipsj 2025/02/05 v4.1 IPSJ class
(/usr/local/texlive/2025/texmf-dist/tex/latex/graphics/color.sty
Package: color 2024/06/23 v1.3e Standard LaTeX Color (DPC)

(/usr/local/texlive/2025/texmf-dist/tex/latex/graphics-cfg/color.cfg
File: color.cfg 2016/01/02 v1.6 sample color configuration
)
Package color Info: Driver file: dvipdfmx.def on input line 149.

(/usr/local/texlive/2025/texmf-dist/tex/latex/graphics-def/dvipdfmx.def
File: dvipdfmx.def 2022/09/22 v5.0m Graphics/color driver for dvipdfmx
)
(/usr/local/texlive/2025/texmf-dist/tex/latex/graphics/dvipsnam.def
File: dvipsnam.def 2016/06/17 v3.0m Driver-dependent file (DPC,SPQR)
)
(/usr/local/texlive/2025/texmf-dist/tex/latex/graphics/mathcolor.ltx))
\c@@paper=\count195
\h=\dimen157
\JQ=\dimen158
\Q=\dimen159
\@Q=\dimen160
\ChtE=\skip49
\CdpE=\skip50
\CwdE=\skip51
\CvsE=\skip52
\normalbaselineskip=\skip53
\c@volume=\count196
\c@number=\count197
\c@month=\count198
\c@year=\count199
\author@count=\count266
\label@count=\count267
\email@count=\count268
\affiliate@count=\count269
\offsetemail=\count270
\paffiliate@count=\count271
\shubetutitlesep=\skip54
\JEhonbunsep=\skip55
\Etitleauthorsep=\skip56
\Eauthorreceivesep=\skip57
\Ereceiveabstsep=\skip58
\Eabstkeywordsep=\skip59
\Jtitlejauthorsep=\skip60
\Jauthorjreceivesep=\skip61
\Jreceivejabstsep=\skip62
\Jabstsepjkeyword=\skip63
\Jkeywordetitle=\skip64
\Jetitleeauthor=\skip65
\Jeauthorereceivesep=\skip66
\Jereceiveeabstsep=\skip67
\Jeabstekeywordsep=\skip68
\@abstractbox=\box69
\@eabstractbox=\box70
\@jkeywordbox=\box71
\@ekeywordbox=\box72
\@keywordbox=\box73
\c@part=\count272
\c@section=\count273
\c@subsection=\count274
\c@subsubsection=\count275
\c@paragraph=\count276
\c@subparagraph=\count277
\@tempboxb=\box74
\SECTwd=\box75
\section@height=\skip69
\@abovecapskip=\dimen161
\@belowcapskip=\dimen162
\c@figure=\count278
\c@table=\count279
\abovecaptionskip=\skip70
\belowcaptionskip=\skip71
\@tempboxb=\box76
\capwidth=\dimen163
\ecapwidth=\dimen164
\bibindent=\dimen165
\c@profile=\count280
\mathindent=\dimen166
\@dummyfigbox=\box77
\twocolcapwidth=\dimen167
\twocolecapwidth=\dimen168
\@compare@result=\count281

(./ipsjtech.sty
Document Class: ipsj 2012/06/01 v3.00 IPSJTECH.STY
)) (/usr/local/texlive/2025/texmf-dist/tex/latex/graphics/graphicx.sty
Package: graphicx 2021/09/16 v1.2d Enhanced LaTeX Graphics (DPC,SPQR)

(/usr/local/texlive/2025/texmf-dist/tex/latex/graphics/keyval.sty
Package: keyval 2022/05/29 v1.15 key=value parser (DPC)
\KV@toks@=\toks18
)
(/usr/local/texlive/2025/texmf-dist/tex/latex/graphics/graphics.sty
Package: graphics 2024/08/06 v1.4g Standard LaTeX Graphics (DPC,SPQR)

(/usr/local/texlive/2025/texmf-dist/tex/latex/graphics/trig.sty
Package: trig 2023/12/02 v1.11 sin cos tan (DPC)
)
(/usr/local/texlive/2025/texmf-dist/tex/latex/graphics-cfg/graphics.cfg
File: graphics.cfg 2016/06/04 v1.11 sample graphics configuration
)
Package graphics Info: Driver file: dvipdfmx.def on input line 106.
)
\Gin@req@height=\dimen169
\Gin@req@width=\dimen170
)
(/usr/local/texlive/2025/texmf-dist/tex/latex/caption/subcaption.sty
Package: subcaption 2023/07/28 v1.6b Sub-captions (AR)

(/usr/local/texlive/2025/texmf-dist/tex/latex/caption/caption.sty
Package: caption 2023/08/05 v3.6o Customizing captions (AR)

(/usr/local/texlive/2025/texmf-dist/tex/latex/caption/caption3.sty
Package: caption3 2023/07/31 v2.4d caption3 kernel (AR)
\caption@tempdima=\dimen171
\captionmargin=\dimen172
\caption@leftmargin=\dimen173
\caption@rightmargin=\dimen174
\caption@width=\dimen175
\caption@indent=\dimen176
\caption@parindent=\dimen177
\caption@hangindent=\dimen178
Package caption Info: Unknown document class (or package),
(caption)             standard defaults will be used.
Package caption Info: \@makecaption = \long macro:#1#2->\footnotesize \vskip \a
bovecaptionskip \setbox \@tempboxa \hbox {\footnotesize {\bfseries #1}\hskip 1\
zw \shortstack [l]{#2}}\@tempdima \ht \@tempboxa \advance \@tempdima \dp \@temp
boxa \setbox \@tempboxb \hbox {\footnotesize {\bfseries #1}\hskip 1\zw }\ifdim 
\@tempdima > \baselineskip \ifdim \wd \@tempboxa > \capwidth \hfil \parbox [t]{
\capwidth }{\hangindent \wd \@tempboxb {\bfseries #1}\hskip 1\zw #2}\vskip 4\@Q
 \else \hfil \parbox [t]{\wd \@tempboxa }{\hangindent \wd \@tempboxb {\bfseries
 #1}\hskip 1\zw #2}\par \prevdepth =0pt\vskip -1.5\h \fi \else \ifdim \wd \@tem
pboxa > \capwidth \hfil \parbox [t]{\capwidth }{\hangindent \wd \@tempboxb {\bf
series #1}\hskip 1\zw #2}\ifx \@captype \TABLE \ifDS@english \par \vskip .25mm\
else \par \prevdepth =0pt\vskip -1.5mm\fi \else \par \prevdepth =0pt\vskip -1.5
\h \fi \else \setbox \@tempboxb \hbox {#2}\hbox to\hsize {\hfil \box \@tempboxa
 \hfil }\ifDS@english \relax \else \vspace {-\belowcaptionskip }\fi \fi \fi \vs
pace {\belowcaptionskip }\par  on input line 1175.
)

Package caption Warning: Unknown document class (or package),
(caption)                standard defaults will be used.
See the caption package documentation for explanation.

\c@caption@flags=\count282
\c@continuedfloat=\count283
)
Package caption Info: New subtype `subfigure' on input line 238.
\c@subfigure=\count284
Package caption Info: New subtype `subtable' on input line 238.
\c@subtable=\count285
) (/usr/local/texlive/2025/texmf-dist/tex/latex/base/latexsym.sty
Package: latexsym 1998/08/17 v2.2e Standard LaTeX package (lasy symbols)
\symlasy=\mathgroup4
LaTeX Font Info:    Overwriting symbol font `lasy' in version `bold'
(Font)                  U/lasy/m/n --> U/lasy/b/n on input line 52.
)
(/usr/local/texlive/2025/texmf-dist/tex/latex/amsmath/amsmath.sty
Package: amsmath 2024/11/05 v2.17t AMS math features
\@mathmargin=\skip72

For additional information on amsmath, use the `?' option.
(/usr/local/texlive/2025/texmf-dist/tex/latex/amsmath/amstext.sty
Package: amstext 2021/08/26 v2.01 AMS text

(/usr/local/texlive/2025/texmf-dist/tex/latex/amsmath/amsgen.sty
File: amsgen.sty 1999/11/30 v2.0 generic functions
\@emptytoks=\toks19
\ex@=\dimen179
))
(/usr/local/texlive/2025/texmf-dist/tex/latex/amsmath/amsbsy.sty
Package: amsbsy 1999/11/29 v1.2d Bold Symbols
\pmbraise@=\dimen180
)
(/usr/local/texlive/2025/texmf-dist/tex/latex/amsmath/amsopn.sty
Package: amsopn 2022/04/08 v2.04 operator names
)
\inf@bad=\count286
LaTeX Info: Redefining \frac on input line 233.
\uproot@=\count287
\leftroot@=\count288
LaTeX Info: Redefining \overline on input line 398.
LaTeX Info: Redefining \colon on input line 409.
\classnum@=\count289
\DOTSCASE@=\count290
LaTeX Info: Redefining \ldots on input line 495.
LaTeX Info: Redefining \dots on input line 498.
LaTeX Info: Redefining \cdots on input line 619.
\Mathstrutbox@=\box78
\strutbox@=\box79
LaTeX Info: Redefining \big on input line 721.
LaTeX Info: Redefining \Big on input line 722.
LaTeX Info: Redefining \bigg on input line 723.
LaTeX Info: Redefining \Bigg on input line 724.
\big@size=\dimen181
LaTeX Font Info:    Redeclaring font encoding OML on input line 742.
LaTeX Font Info:    Redeclaring font encoding OMS on input line 743.
\macc@depth=\count291
LaTeX Info: Redefining \bmod on input line 904.
LaTeX Info: Redefining \pmod on input line 909.
LaTeX Info: Redefining \smash on input line 939.
LaTeX Info: Redefining \relbar on input line 969.
LaTeX Info: Redefining \Relbar on input line 970.
\c@MaxMatrixCols=\count292
\dotsspace@=\muskip17
\c@parentequation=\count293
\dspbrk@lvl=\count294
\tag@help=\toks20
\row@=\count295
\column@=\count296
\maxfields@=\count297
\andhelp@=\toks21
\eqnshift@=\dimen182
\alignsep@=\dimen183
\tagshift@=\dimen184
\tagwidth@=\dimen185
\totwidth@=\dimen186
\lineht@=\dimen187
\@envbody=\toks22
\multlinegap=\skip73
\multlinetaggap=\skip74
\mathdisplay@stack=\toks23
LaTeX Info: Redefining \[ on input line 2953.
LaTeX Info: Redefining \] on input line 2954.
)
(/usr/local/texlive/2025/texmf-dist/tex/latex/amsfonts/amssymb.sty
Package: amssymb 2013/01/14 v3.01 AMS font symbols

(/usr/local/texlive/2025/texmf-dist/tex/latex/amsfonts/amsfonts.sty
Package: amsfonts 2013/01/14 v3.01 Basic AMSFonts support
\symAMSa=\mathgroup5
\symAMSb=\mathgroup6
LaTeX Font Info:    Redeclaring math symbol \hbar on input line 98.
LaTeX Font Info:    Overwriting math alphabet `\mathfrak' in version `bold'
(Font)                  U/euf/m/n --> U/euf/b/n on input line 106.
))
(/usr/local/texlive/2025/texmf-dist/tex/latex/url/url.sty
\Urlmuskip=\muskip18
Package: url 2013/09/16  ver 3.4  Verb mode for urls, etc.
)
(/usr/local/texlive/2025/texmf-dist/tex/latex/l3backend/l3backend-dvipdfmx.def
File: l3backend-dvipdfmx.def 2024-05-08 L3 backend support: dvipdfmx
\g__graphics_track_int=\count298
\l__pdf_internal_box=\box80
\g__pdf_backend_annotation_int=\count299
\g__pdf_backend_link_int=\count300
)

LaTeX Warning: Unused global option(s):
    [platex].

(./paper.aux)
\openout1 = `paper.aux'.

LaTeX Font Info:    Checking defaults for OML/cmm/m/it on input line 49.
LaTeX Font Info:    ... okay on input line 49.
LaTeX Font Info:    Checking defaults for OMS/cmsy/m/n on input line 49.
LaTeX Font Info:    ... okay on input line 49.
LaTeX Font Info:    Checking defaults for OT1/cmr/m/n on input line 49.
LaTeX Font Info:    ... okay on input line 49.
LaTeX Font Info:    Checking defaults for T1/cmr/m/n on input line 49.
LaTeX Font Info:    ... okay on input line 49.
LaTeX Font Info:    Checking defaults for TS1/cmr/m/n on input line 49.
LaTeX Font Info:    ... okay on input line 49.
LaTeX Font Info:    Checking defaults for OMX/cmex/m/n on input line 49.
LaTeX Font Info:    ... okay on input line 49.
LaTeX Font Info:    Checking defaults for U/cmr/m/n on input line 49.
LaTeX Font Info:    ... okay on input line 49.
LaTeX Font Info:    Checking defaults for JY1/mc/m/n on input line 49.
LaTeX Font Info:    ... okay on input line 49.
LaTeX Font Info:    Checking defaults for JT1/mc/m/n on input line 49.
LaTeX Font Info:    ... okay on input line 49.
Package caption Info: Begin \AtBeginDocument code.
Package caption Info: End \AtBeginDocument code.
LaTeX Font Info:    Font shape `JT1/mc/bx/n' in size <8.8711> not available
(Font)              Font shape `JT1/gt/m/n' tried instead on input line 66.
LaTeX Font Info:    Font shape `JY1/mc/bx/n' in size <8.8711> not available
(Font)              Font shape `JY1/gt/m/n' tried instead on input line 66.
LaTeX Font Info:    Font shape `JT1/gt/bx/n' in size <19.2207> not available
(Font)              Font shape `JT1/gt/m/n' tried instead on input line 88.
LaTeX Font Info:    Font shape `JY1/gt/bx/n' in size <19.2207> not available
(Font)              Font shape `JY1/gt/m/n' tried instead on input line 88.
LaTeX Font Info:    Calculating math sizes for size <9.61035> on input line 88.

LaTeX Font Info:    Calculating math sizes for size <11.82813> on input line 88
.
LaTeX Font Info:    Font shape `JT1/mc/bx/n' in size <14.22882> not available
(Font)              Font shape `JT1/gt/m/n' tried instead on input line 88.
LaTeX Font Info:    Font shape `JY1/mc/bx/n' in size <14.22882> not available
(Font)              Font shape `JY1/gt/m/n' tried instead on input line 88.
LaTeX Font Info:    Calculating math sizes for size <8.13184> on input line 88.

LaTeX Font Info:    Calculating math sizes for size <5.69225> on input line 88.

 (./introduction.tex
LaTeX Font Info:    Font shape `JT1/mc/bx/n' in size <11.82813> not available
(Font)              Font shape `JT1/gt/m/n' tried instead on input line 1.
LaTeX Font Info:    Font shape `JY1/mc/bx/n' in size <11.82813> not available
(Font)              Font shape `JY1/gt/m/n' tried instead on input line 1.
) (./mini2048.tex

LaTeX Font Info:    Font shape `JT1/mc/bx/n' in size <9.61035> not available
(Font)              Font shape `JT1/gt/m/n' tried instead on input line 5.
LaTeX Font Info:    Font shape `JY1/mc/bx/n' in size <9.61035> not available
(Font)              Font shape `JY1/gt/m/n' tried instead on input line 5.
File: pdf/state_afterstate.drawio.pdf Graphic file (type pdf)
<pdf/state_afterstate.drawio.pdf>


(I search kanjifont definition file: . . ) (I search font definition file: . .
. . . . . )
LaTeX Font Info:    Trying to load font information for OMS+txsy on input line 
27.
 (/usr/local/texlive/2025/texmf-dist/tex/latex/txfonts/omstxsy.fd
File: omstxsy.fd 2000/12/15 v3.1
)
LaTeX Font Info:    Trying to load font information for OT1+ptm on input line 2
7.

(/usr/local/texlive/2025/texmf-dist/tex/latex/psnfss/ot1ptm.fd
File: ot1ptm.fd 2001/06/04 font definitions for OT1/ptm.
) [1


]
LaTeX Font Info:    Kanji font shape `JY1/gt/m/it' undefined
(Font)              No change on input line 28.
LaTeX Font Info:    Kanji font shape `JY1/gt/m/it' undefined
(Font)              No change on input line 29.
LaTeX Font Info:    Kanji font shape `JY1/gt/m/it' undefined
(Font)              No change on input line 36.
LaTeX Font Info:    Kanji font shape `JY1/gt/m/it' undefined
(Font)              No change on input line 61.

Overfull \hbox (31.07071pt too wide) in paragraph at lines 65--76
 [][][][] 
 []



File: pdf/pp-play.pdf Graphic file (type pdf)
<pdf/pp-play.pdf>
) (./player.tex

[2]
File: pdf/tuples/1tuple_6_page1.pdf Graphic file (type pdf)
<pdf/tuples/1tuple_6_page1.pdf>
File: pdf/tuples/1tuple_6_page2.pdf Graphic file (type pdf)
<pdf/tuples/1tuple_6_page2.pdf>
File: pdf/tuples/1tuple_6_page3.pdf Graphic file (type pdf)
<pdf/tuples/1tuple_6_page3.pdf>
File: pdf/tuples/2tuple_12_page1.pdf Graphic file (type pdf)
<pdf/tuples/2tuple_12_page1.pdf>
File: pdf/tuples/2tuple_12_page2.pdf Graphic file (type pdf)
<pdf/tuples/2tuple_12_page2.pdf>
File: pdf/tuples/3tuple_144_page1.pdf Graphic file (type pdf)
<pdf/tuples/3tuple_144_page1.pdf>
File: pdf/tuples/3tuple_144_page2.pdf Graphic file (type pdf)
<pdf/tuples/3tuple_144_page2.pdf>
File: pdf/tuples/3tuple_144_page3.pdf Graphic file (type pdf)
<pdf/tuples/3tuple_144_page3.pdf>
File: pdf/tuples/3tuple_2673_page1.pdf Graphic file (type pdf)
<pdf/tuples/3tuple_2673_page1.pdf>
File: pdf/tuples/3tuple_2673_page2.pdf Graphic file (type pdf)
<pdf/tuples/3tuple_2673_page2.pdf>
File: pdf/tuples/3tuple_2673_page3.pdf Graphic file (type pdf)
<pdf/tuples/3tuple_2673_page3.pdf>
File: pdf/tuples/3tuple_2673_page4.pdf Graphic file (type pdf)
<pdf/tuples/3tuple_2673_page4.pdf>
File: pdf/tuples/3tuple_2673_page5.pdf Graphic file (type pdf)
<pdf/tuples/3tuple_2673_page5.pdf>
File: pdf/tuples/4tuple_301_page1.pdf Graphic file (type pdf)
<pdf/tuples/4tuple_301_page1.pdf>
File: pdf/tuples/4tuple_301_page2.pdf Graphic file (type pdf)
<pdf/tuples/4tuple_301_page2.pdf>
File: pdf/tuples/4tuple_301_page3.pdf Graphic file (type pdf)
<pdf/tuples/4tuple_301_page3.pdf>
File: pdf/tuples/4tuple_44755_page1.pdf Graphic file (type pdf)
<pdf/tuples/4tuple_44755_page1.pdf>
File: pdf/tuples/4tuple_44755_page2.pdf Graphic file (type pdf)
<pdf/tuples/4tuple_44755_page2.pdf>
File: pdf/tuples/4tuple_44755_page3.pdf Graphic file (type pdf)
<pdf/tuples/4tuple_44755_page3.pdf>
File: pdf/tuples/4tuple_44755_page4.pdf Graphic file (type pdf)
<pdf/tuples/4tuple_44755_page4.pdf>
File: pdf/tuples/4tuple_44755_page5.pdf Graphic file (type pdf)
<pdf/tuples/4tuple_44755_page5.pdf>
File: pdf/tuples/4tuple_44755_page6.pdf Graphic file (type pdf)
<pdf/tuples/4tuple_44755_page6.pdf>
File: pdf/tuples/5tuple_298_page1.pdf Graphic file (type pdf)
<pdf/tuples/5tuple_298_page1.pdf>
File: pdf/tuples/5tuple_298_page2.pdf Graphic file (type pdf)
<pdf/tuples/5tuple_298_page2.pdf>
File: pdf/tuples/5tuple_298_page3.pdf Graphic file (type pdf)
<pdf/tuples/5tuple_298_page3.pdf>
File: pdf/tuples/5tuple_896673_page1.pdf Graphic file (type pdf)
<pdf/tuples/5tuple_896673_page1.pdf>
File: pdf/tuples/5tuple_896673_page2.pdf Graphic file (type pdf)
<pdf/tuples/5tuple_896673_page2.pdf>
File: pdf/tuples/5tuple_896673_page3.pdf Graphic file (type pdf)
<pdf/tuples/5tuple_896673_page3.pdf>
File: pdf/tuples/5tuple_896673_page4.pdf Graphic file (type pdf)
<pdf/tuples/5tuple_896673_page4.pdf>
File: pdf/tuples/5tuple_896673_page5.pdf Graphic file (type pdf)
<pdf/tuples/5tuple_896673_page5.pdf>
File: pdf/tuples/5tuple_896673_page6.pdf Graphic file (type pdf)
<pdf/tuples/5tuple_896673_page6.pdf>
File: pdf/tuples/5tuple_896673_page7.pdf Graphic file (type pdf)
<pdf/tuples/5tuple_896673_page7.pdf>
File: pdf/tuples/5tuple_896673_page8.pdf Graphic file (type pdf)
<pdf/tuples/5tuple_896673_page8.pdf>
File: pdf/tuples/5tuple_896673_page9.pdf Graphic file (type pdf)
<pdf/tuples/5tuple_896673_page9.pdf>
File: pdf/tuples/6tuple_16_page1.pdf Graphic file (type pdf)
<pdf/tuples/6tuple_16_page1.pdf>
File: pdf/tuples/6tuple_16_page2.pdf Graphic file (type pdf)
<pdf/tuples/6tuple_16_page2.pdf>
File: pdf/tuples/6tuple_26835_page1.pdf Graphic file (type pdf)
<pdf/tuples/6tuple_26835_page1.pdf>
File: pdf/tuples/6tuple_26835_page2.pdf Graphic file (type pdf)
<pdf/tuples/6tuple_26835_page2.pdf>
File: pdf/tuples/6tuple_26835_page3.pdf Graphic file (type pdf)
<pdf/tuples/6tuple_26835_page3.pdf>
File: pdf/tuples/6tuple_26835_page4.pdf Graphic file (type pdf)
<pdf/tuples/6tuple_26835_page4.pdf>
File: pdf/tuples/6tuple_26835_page5.pdf Graphic file (type pdf)
<pdf/tuples/6tuple_26835_page5.pdf>
File: pdf/tuples/6tuple_26835_page6.pdf Graphic file (type pdf)
<pdf/tuples/6tuple_26835_page6.pdf>
File: pdf/tuples/6tuple_26835_page7.pdf Graphic file (type pdf)
<pdf/tuples/6tuple_26835_page7.pdf>
File: pdf/tuples/6tuple_26835_page8.pdf Graphic file (type pdf)
<pdf/tuples/6tuple_26835_page8.pdf>
File: pdf/tuples/7tuple_0_page1.pdf Graphic file (type pdf)
<pdf/tuples/7tuple_0_page1.pdf>
File: pdf/tuples/7tuple_248_page1.pdf Graphic file (type pdf)
<pdf/tuples/7tuple_248_page1.pdf>
File: pdf/tuples/7tuple_248_page2.pdf Graphic file (type pdf)
<pdf/tuples/7tuple_248_page2.pdf>
File: pdf/tuples/7tuple_248_page3.pdf Graphic file (type pdf)
<pdf/tuples/7tuple_248_page3.pdf>
File: pdf/tuples/7tuple_248_page4.pdf Graphic file (type pdf)
<pdf/tuples/7tuple_248_page4.pdf>
File: pdf/tuples/7tuple_248_page5.pdf Graphic file (type pdf)
<pdf/tuples/7tuple_248_page5.pdf>
File: pdf/tuples/7tuple_248_page6.pdf Graphic file (type pdf)
<pdf/tuples/7tuple_248_page6.pdf>
File: pdf/tuples/7tuple_248_page7.pdf Graphic file (type pdf)
<pdf/tuples/7tuple_248_page7.pdf>
File: pdf/tuples/8tuple_0_page1.pdf Graphic file (type pdf)
<pdf/tuples/8tuple_0_page1.pdf>
File: pdf/tuples/8tuple_6_page1.pdf Graphic file (type pdf)
<pdf/tuples/8tuple_6_page1.pdf>
File: pdf/tuples/8tuple_6_page2.pdf Graphic file (type pdf)
<pdf/tuples/8tuple_6_page2.pdf>
File: pdf/tuples/8tuple_6_page3.pdf Graphic file (type pdf)
<pdf/tuples/8tuple_6_page3.pdf>
File: pdf/tuples/9tuple_0_page1.pdf Graphic file (type pdf)
<pdf/tuples/9tuple_0_page1.pdf>

Overfull \hbox (4.29053pt too wide) in paragraph at lines 24--117
 [][][][] 
 []



File: pdf/expectimax.pdf Graphic file (type pdf)
<pdf/expectimax.pdf>
) (./experiments.tex

[3]

File: pdf/best_tn_scores_exp1.pdf Graphic file (type pdf)
<pdf/best_tn_scores_exp1.pdf>
File: pdf/best_tn_scores_exp5.pdf Graphic file (type pdf)
<pdf/best_tn_scores_exp5.pdf>
File: pdf/exp_trends/combined_trends_NT3.pdf Graphic file (type pdf)
<pdf/exp_trends/combined_trends_NT3.pdf>
File: pdf/exp_trends/combined_trends_NT4.pdf Graphic file (type pdf)
<pdf/exp_trends/combined_trends_NT4.pdf>
File: pdf/exp_trends/combined_trends_NT5.pdf Graphic file (type pdf)
<pdf/exp_trends/combined_trends_NT5.pdf>
File: pdf/exp_trends/combined_trends_NT6.pdf Graphic file (type pdf)
<pdf/exp_trends/combined_trends_NT6.pdf>
File: pdf/exp_trends/combined_trends_NT7.pdf Graphic file (type pdf)
<pdf/exp_trends/combined_trends_NT7.pdf>
File: pdf/exp_trends/combined_trends_NT8.pdf Graphic file (type pdf)
<pdf/exp_trends/combined_trends_NT8.pdf>


[4]



[5]
File: pdf/compare/merged_NT5_OI1200_compare/accuracy.pdf Graphic file (type pdf
)
<pdf/compare/merged_NT5_OI1200_compare/accuracy.pdf>
File: pdf/compare/merged_NT5_OI1200_compare/error_abs.pdf Graphic file (type pd
f)
<pdf/compare/merged_NT5_OI1200_compare/error_abs.pdf>
File: pdf/compare/merged_NT5_OI1200_compare/survival.pdf Graphic file (type pdf
)
<pdf/compare/merged_NT5_OI1200_compare/survival.pdf>
File: pdf/compare/merged_NT5_OI1200_compare/acc_diff_plot.pdf Graphic file (typ
e pdf)
<pdf/compare/merged_NT5_OI1200_compare/acc_diff_plot.pdf>
File: pdf/compare/merged_NT8_OI1200_compare/accuracy.pdf Graphic file (type pdf
)
<pdf/compare/merged_NT8_OI1200_compare/accuracy.pdf>
File: pdf/compare/merged_NT8_OI1200_compare/error_abs.pdf Graphic file (type pd
f)
<pdf/compare/merged_NT8_OI1200_compare/error_abs.pdf>
File: pdf/compare/merged_NT8_OI1200_compare/survival.pdf Graphic file (type pdf
)
<pdf/compare/merged_NT8_OI1200_compare/survival.pdf>
File: pdf/compare/merged_NT8_OI1200_compare/acc_diff_plot.pdf Graphic file (typ
e pdf)
<pdf/compare/merged_NT8_OI1200_compare/acc_diff_plot.pdf>
File: pdf/compare/merged_EXP_5_NT5_OI1200_compare/accuracy.pdf Graphic file (ty
pe pdf)
<pdf/compare/merged_EXP_5_NT5_OI1200_compare/accuracy.pdf>
File: pdf/compare/merged_EXP_5_NT5_OI1200_compare/error_abs.pdf Graphic file (t
ype pdf)
<pdf/compare/merged_EXP_5_NT5_OI1200_compare/error_abs.pdf>
File: pdf/compare/merged_EXP_5_NT5_OI1200_compare/survival.pdf Graphic file (ty
pe pdf)
<pdf/compare/merged_EXP_5_NT5_OI1200_compare/survival.pdf>
File: pdf/compare/merged_EXP_5_NT5_OI1200_compare/acc_diff_plot.pdf Graphic fil
e (type pdf)
<pdf/compare/merged_EXP_5_NT5_OI1200_compare/acc_diff_plot.pdf>
File: pdf/compare/merged_EXP_5_NT8_OI1200_compare/accuracy.pdf Graphic file (ty
pe pdf)
<pdf/compare/merged_EXP_5_NT8_OI1200_compare/accuracy.pdf>
File: pdf/compare/merged_EXP_5_NT8_OI1200_compare/error_abs.pdf Graphic file (t
ype pdf)
<pdf/compare/merged_EXP_5_NT8_OI1200_compare/error_abs.pdf>
File: pdf/compare/merged_EXP_5_NT8_OI1200_compare/survival.pdf Graphic file (ty
pe pdf)
<pdf/compare/merged_EXP_5_NT8_OI1200_compare/survival.pdf>
File: pdf/compare/merged_EXP_5_NT8_OI1200_compare/acc_diff_plot.pdf Graphic fil
e (type pdf)
<pdf/compare/merged_EXP_5_NT8_OI1200_compare/acc_diff_plot.pdf>
) (./conclusion.tex



[6]) (./paper.bbl
LaTeX Font Info:    Calculating math sizes for size <8.8711> on input line 1.
LaTeX Font Info:    Kanji font shape `JY1/gt/m/it' undefined
(Font)              No change on input line 11.
LaTeX Font Info:    Kanji font shape `JY1/gt/m/it' undefined
(Font)              No change on input line 17.
LaTeX Font Info:    Kanji font shape `JY1/gt/m/it' undefined
(Font)              No change on input line 24.
LaTeX Font Info:    Kanji font shape `JY1/gt/m/it' undefined
(Font)              No change on input line 31.
LaTeX Font Info:    Kanji font shape `JY1/gt/m/it' undefined
(Font)              No change on input line 37.
LaTeX Font Info:    Kanji font shape `JY1/gt/m/it' undefined
(Font)              No change on input line 42.
LaTeX Font Info:    Kanji font shape `JY1/gt/m/it' undefined
(Font)              No change on input line 49.


LaTeX Font Info:    Kanji font shape `JY1/gt/m/it' undefined
(Font)              No change on input line 56.
LaTeX Font Info:    Kanji font shape `JY1/gt/m/it' undefined
(Font)              No change on input line 63.
)

[7] (./paper.aux)
 ***********
pLaTeX2e <2023-02-14>+1, based on
LaTeX2e <2024-11-01> patch level 2
L3 programming layer <2025-01-18>
 ***********
 ) 
Here is how much of TeX's memory you used:
 5385 strings out of 473836
 98500 string characters out of 5731189
 471632 words of memory out of 5000000
 28498 multiletter control sequences out of 15000+600000
 596083 words of font info for 203 fonts, out of 8000000 for 9000
 929 hyphenation exceptions out of 8191
 67i,11n,77p,522b,644s stack positions out of 10000i,1000n,20000p,200000b,200000s

Output written on paper.dvi (7 pages, 54416 bytes).
